<?xml version="1.0" encoding="UTF-8"?>
<testsuite xmlns:xsi="http://www.w3.org/2001/XMLSchema-instance" xsi:noNamespaceSchemaLocation="https://maven.apache.org/surefire/maven-surefire-plugin/xsd/surefire-test-report-3.0.xsd" version="3.0" name="TempratureConverterTest" time="0.071" tests="5" errors="0" skipped="0" failures="0">
  <properties>
[...]
</properties>
  <testcase name="isExtremeTempratureTest" classname="TempratureConverterTest" time="0.028"/>
  <testcase name="celsiusToFahrenheitTest" classname="TempratureConverterTest" time="0.004"/>
  <testcase name="kalvinToCelsiusTest" classname="TempratureConverterTest" time="0.002"/>
  <testcase name="fahrenheitToCelsiusTest" classname="TempratureConverterTest" time="0.001"/>
  <testcase name="celsiusToKalvinTest" classname="TempratureConverterTest" time="0.001"/>
</testsuite>